[info] [CLI] Calling Query entity/actions: {
	"funcParams": {
		"clickedPath": "d:\\lowgular-course-entry\\lowgular-course-entry\\src\\app\\ui\\employee-list\\employee-list.component.ts"
	},
	"level": "info",
	"message": "[CLI] Calling Query entity/actions"
}
[info] [CLI] Called Query entity/actions: {
	"result": {
		"context": {},
		"children": [
			{
				"label": "Properties",
				"children": [
					{
						"label": "data$",
						"children": [
							{
								"actionId": "RXJS_CALL_EXPRESSIONS_MAP",
								"label": "Map Property",
								"callPath": [
									"data$"
								],
								"flowUrl": "rxjs/call-expressions/map/flow"
							},
							{
								"actionId": "RXJS_CALL_EXPRESSIONS_TAP",
								"label": "Property Side Effect",
								"callPath": [
									"data$"
								],
								"flowUrl": "rxjs/call-expressions/tap/flow"
							},
							{
								"actionId": "RXJS_CALL_EXPRESSIONS_JOIN",
								"label": "Join Observable to Property",
								"callPath": [
									"data$"
								],
								"flowUrl": "rxjs/call-expressions/join/flow"
							}
						]
					},
					{
						"actionId": "ADD_FORM",
						"label": "Create Form Property",
						"callPath": [],
						"flowUrl": "angular-component/form-properties/add/flow"
					},
					{
						"actionId": "RXJS_PROPERTY_CREATE",
						"label": "Create Data Property",
						"callPath": [],
						"flowUrl": "rxjs/properties/data/flow"
					},
					{
						"actionId": "RXJS_PROPERTY_SUBJECT_CREATE",
						"label": "Create Subject Property",
						"callPath": [],
						"flowUrl": "rxjs/properties/subject/flow"
					}
				]
			},
			{
				"label": "Inject",
				"actionId": "INJECT",
				"callPath": [],
				"flowUrl": "injectable/inject/flow"
			},
			{
				"label": "Methods",
				"children": [
					{
						"actionId": "METHOD_CREATE",
						"label": "Create New Method",
						"callPath": [],
						"flowUrl": "method/create/flow"
					}
				]
			},
			{
				"label": "Add Component to Route",
				"actionId": "ADD_COMPONENT_TO_ROUTE",
				"callPath": [],
				"flowUrl": "routing/add-component/flow"
			}
		]
	},
	"level": "info",
	"message": "[CLI] Called Query entity/actions"
}
[info] [CLI] Calling Query injectable/inject/flow: {
	"funcParams": {
		"label": "Inject",
		"actionId": "INJECT",
		"callPath": [],
		"flowUrl": "injectable/inject/flow"
	},
	"level": "info",
	"message": "[CLI] Calling Query injectable/inject/flow"
}
[info] [CLI] Called Query injectable/inject/flow: {
	"result": {
		"context": {},
		"steps": [
			{
				"contextId": "injectable",
				"title": "Which entity to inject?",
				"type": "multi-option",
				"options": [
					{
						"id": "httpClient",
						"dataType": "External",
						"name": "HttpClient",
						"type": "HttpClient",
						"relatedTypes": {}
					},
					{
						"id": "activatedRoute",
						"dataType": "External",
						"name": "ActivatedRoute",
						"type": "ActivatedRoute",
						"relatedTypes": {}
					}
				],
				"extraOptions": [],
				"property": "name",
				"canBeEmpty": false
			}
		],
		"request": {
			"config": {
				"url": "injectable/inject",
				"payload": {
					"injectingPath": "injectable.file",
					"type": "injectable.type",
					"dataType": "injectable.dataType"
				}
			}
		}
	},
	"level": "info",
	"message": "[CLI] Called Query injectable/inject/flow"
}
[info] [CLI] Calling Command injectable/inject: {
	"funcParams": {
		"type": "HttpClient",
		"dataType": "External"
	},
	"level": "info",
	"message": "[CLI] Calling Command injectable/inject"
}
[info] [CommandBus]: Dispatching command INJECT_EXTERNAL_DEPENDENCY: {
	"commandName": "INJECT_EXTERNAL_DEPENDENCY",
	"payload": {
		"entityFilePath": "d:/lowgular-course-entry/lowgular-course-entry/src/app/ui/employee-list/employee-list.component.ts",
		"externalType": "HttpClient",
		"genericFilePaths": []
	},
	"level": "info",
	"message": "[CommandBus]: Dispatching command INJECT_EXTERNAL_DEPENDENCY"
}
[info] [CommandBus]: Handled  INJECT_EXTERNAL_DEPENDENCY: {
	"commandName": "INJECT_EXTERNAL_DEPENDENCY",
	"payload": {
		"entityFilePath": "d:/lowgular-course-entry/lowgular-course-entry/src/app/ui/employee-list/employee-list.component.ts",
		"externalType": "HttpClient",
		"genericFilePaths": []
	},
	"level": "info",
	"message": "[CommandBus]: Handled  INJECT_EXTERNAL_DEPENDENCY"
}
[info] [CLI] Called Command injectable/inject: {
	"message": "[CLI] Called Command injectable/inject",
	"level": "info"
}
